<?xml version="1.0" encoding="UTF-8"?>
<!-- Generated by org.testng.reporters.JUnitXMLReporter -->
<testsuite ignored="0" hostname="DESKTOP-2TT3KTR" failures="0" tests="3" name="Default test" time="20.186" errors="0" timestamp="2023-10-24T11:28:10 EET">
  <testcase classname="usag_lab.suag_lab_class" name="LoginWithPerformanceUser" time="8.818"/>
  <testcase classname="usag_lab.suag_lab_class" name="LoginWithProblemUser" time="3.523"/>
  <testcase classname="usag_lab.suag_lab_class" name="LoginWithStandardUser" time="3.553"/>
</testsuite> <!-- Default test -->
